<?xml version="1.0" ?>
<!DOCTYPE coverage SYSTEM "http://cobertura.sourceforge.net/xml/coverage-04.dtd">
<coverage lines-valid="10"  lines-covered="1"  line-rate="0.1"  branches-valid="2"  branches-covered="0"  branch-rate="0"  timestamp="1488565507357" complexity="0" version="0.1">
  <sources>
    <source>C:\Users\trich_000\Source\Repos\Planner\Planner</source>
  </sources>
  <packages>
    <package name="Scripts"  line-rate="0.1"  branch-rate="0">
      <classes>
        <class name="app.ts"  filename="Scripts\app.ts"  line-rate="0.1"  branch-rate="0">
          <methods>
            <method name="(anonymous_1)"  hits="0"  signature="()V">
              <lines>
                <line number="11"  hits="0" />
              </lines>
            </method>
            <method name="(anonymous_2)"  hits="0"  signature="()V">
              <lines>
                <line number="15"  hits="0" />
              </lines>
            </method>
            <method name="(anonymous_3)"  hits="0"  signature="()V">
              <lines>
                <line number="31"  hits="0" />
              </lines>
            </method>
            <method name="(anonymous_4)"  hits="0"  signature="()V">
              <lines>
                <line number="33"  hits="0" />
              </lines>
            </method>
          </methods>
          <lines>
            <line number="1"  hits="1"  branch="false" />
            <line number="12"  hits="0"  branch="false" />
            <line number="13"  hits="0"  branch="false" />
            <line number="16"  hits="0"  branch="false" />
            <line number="33"  hits="0"  branch="false" />
            <line number="36"  hits="0"  branch="false" />
            <line number="38"  hits="0"  branch="true"  condition-coverage="0% (0/2)" />
            <line number="39"  hits="0"  branch="false" />
            <line number="42"  hits="0"  branch="false" />
            <line number="44"  hits="0"  branch="false" />
          </lines>
        </class>
      </classes>
    </package>
  </packages>
</coverage>